#
# There is insufficient memory for the Java Runtime Environment to continue.
# Native memory allocation (malloc) failed to allocate 564656 bytes for Chunk::new
# Possible reasons:
#   The system is out of physical RAM or swap space
#   In 32 bit mode, the process size limit was hit
# Possible solutions:
#   Reduce memory load on the system
#   Increase physical memory or swap space
#   Check if swap backing store is full
#   Use 64 bit Java on a 64 bit OS
#   Decrease Java heap size (-Xmx/-Xms)
#   Decrease number of Java threads
#   Decrease Java thread stack sizes (-Xss)
#   Set larger code cache with -XX:ReservedCodeCacheSize=
# This output file may be truncated or incomplete.
#
#  Out of Memory Error (allocation.cpp:390), pid=4576, tid=7420
#
# JRE version: Java(TM) SE Runtime Environment (8.0_74-b02) (build 1.8.0_74-b02)
# Java VM: Java HotSpot(TM) 64-Bit Server VM (25.74-b02 mixed mode windows-amd64 compressed oops)
# Failed to write core dump. Minidumps are not enabled by default on client versions of Windows
#

---------------  T H R E A D  ---------------

Current thread (0x000000001468e000):  JavaThread "C2 CompilerThread0" daemon [_thread_in_native, id=7420, stack(0x00000000156b0000,0x00000000157b0000)]

Stack: [0x00000000156b0000,0x00000000157b0000]
[error occurred during error reporting (printing stack bounds), id 0xc0000005]

Native frames: (J=compiled Java code, j=interpreted, Vv=VM code, C=native code)


Current CompileTask:
C2:   4243 1519       4       com.android.dx.ssa.back.LivenessAnalyzer::run (231 bytes)


---------------  P R O C E S S  ---------------

Java Threads: ( => current thread )
  0x0000000015d06000 JavaThread "pool-1-thread-4" [_thread_blocked, id=7312, stack(0x00000000162b0000,0x00000000163b0000)]
  0x0000000015d04800 JavaThread "pool-1-thread-3" [_thread_in_vm, id=7576, stack(0x00000000161b0000,0x00000000162b0000)]
  0x0000000015d03800 JavaThread "pool-1-thread-2" [_thread_in_vm, id=5716, stack(0x00000000160b0000,0x00000000161b0000)]
  0x0000000015d01000 JavaThread "pool-2-thread-1" [_thread_blocked, id=2300, stack(0x0000000015fb0000,0x00000000160b0000)]
  0x0000000015d00000 JavaThread "pool-1-thread-1" [_thread_in_vm, id=768, stack(0x0000000015eb0000,0x0000000015fb0000)]
  0x00000000146ed000 JavaThread "Service Thread" daemon [_thread_blocked, id=2824, stack(0x00000000158b0000,0x00000000159b0000)]
  0x00000000146e8800 JavaThread "C1 CompilerThread1" daemon [_thread_blocked, id=7244, stack(0x00000000157b0000,0x00000000158b0000)]
=>0x000000001468e000 JavaThread "C2 CompilerThread0" daemon [_thread_in_native, id=7420, stack(0x00000000156b0000,0x00000000157b0000)]
  0x000000001468c000 JavaThread "Attach Listener" daemon [_thread_blocked, id=1204, stack(0x00000000155b0000,0x00000000156b0000)]
  0x0000000014686800 JavaThread "Signal Dispatcher" daemon [_thread_blocked, id=3856, stack(0x00000000154b0000,0x00000000155b0000)]
  0x0000000014678800 JavaThread "Finalizer" daemon [_thread_blocked, id=1984, stack(0x00000000152c0000,0x00000000153c0000)]
  0x00000000021ec800 JavaThread "Reference Handler" daemon [_thread_blocked, id=4076, stack(0x00000000151c0000,0x00000000152c0000)]
  0x000000000051d800 JavaThread "main" [_thread_in_Java, id=5564, stack(0x0000000001eb0000,0x0000000001fb0000)]

Other Threads:
  0x0000000014657000 VMThread [stack: 0x00000000150c0000,0x00000000151c0000] [id=76]
  0x0000000014702000 WatcherThread [stack: 0x00000000159b0000,0x0000000015ab0000] [id=1700]

VM state:not at safepoint (normal execution)

VM Mutex/Monitor currently owned by a thread:  ([mutex/lock_event])
[0x0000000000518bd0] Patching_lock - owner thread: 0x0000000015d04800
[0x0000000002100f50] CompiledIC_lock - owner thread: 0x0000000015d04800

Heap:
 PSYoungGen      total 33280K, used 14005K [0x00000000eab00000, 0x00000000ece00000, 0x0000000100000000)
  eden space 30720K, 37% used [0x00000000eab00000,0x00000000eb62f2b8,0x00000000ec900000)
  from space 2560K, 99% used [0x00000000ecb80000,0x00000000ecdfe3d8,0x00000000ece00000)
  to   space 2560K, 0% used [0x00000000ec900000,0x00000000ec900000,0x00000000ecb80000)
 ParOldGen       total 40960K, used 7464K [0x00000000c0000000, 0x00000000c2800000, 0x00000000eab00000)
  object space 40960K, 18% used [0x00000000c0000000,0x00000000c074a130,0x00000000c2800000)
 Metaspace       used 6215K, capacity 7088K, committed 7296K, reserved 1056768K
  class space    used 602K, capacity 616K, committed 640K, reserved 1048576K

Card table byte_map: [0x00000000115c0000,0x00000000117d0000] byte_map_base: 0x0000000010fc0000

Marking Bits: (ParMarkBitMap*) 0x0000000065610600
 Begin Bits: [0x0000000011b30000, 0x0000000012b30000)
 End Bits:   [0x0000000012b30000, 0x0000000013b30000)

Polling page: 0x00000000001f0000

CodeCache: size=245760Kb used=6332Kb max_used=6338Kb free=239427Kb
 bounds [0x0000000002200000, 0x0000000002840000, 0x0000000011200000]
 total_blobs=1784 nmethods=1517 adapters=182
 compilation: enabled

Compilation events (10 events):
Event: 4.189 Thread 0x000000001468e000 nmethod 1463 0x0000000002807f50 code [0x00000000028080c0, 0x0000000002808358]
Event: 4.189 Thread 0x000000001468e000 1519       4       com.android.dx.ssa.back.LivenessAnalyzer::run (231 bytes)
Event: 4.197 Thread 0x00000000146e8800 1524       2       java.util.concurrent.locks.ReentrantLock$FairSync::tryAcquire (74 bytes)
Event: 4.197 Thread 0x00000000146e8800 nmethod 1524 0x0000000002807a10 code [0x0000000002807b80, 0x0000000002807e58]
Event: 4.203 Thread 0x00000000146e8800 1525       2       com.android.dx.rop.annotation.NameValuePair::<init> (43 bytes)
Event: 4.204 Thread 0x00000000146e8800 nmethod 1525 0x0000000002807450 code [0x00000000028075e0, 0x00000000028078b8]
Event: 4.205 Thread 0x00000000146e8800 1526       2       com.android.dx.util.Hex::u2 (44 bytes)
Event: 4.206 Thread 0x00000000146e8800 nmethod 1526 0x0000000002809350 code [0x00000000028094e0, 0x0000000002809938]
Event: 4.214 Thread 0x00000000146e8800 1527       2       com.android.dx.rop.cst.CstMethodRef::<init> (7 bytes)
Event: 4.215 Thread 0x00000000146e8800 nmethod 1527 0x0000000002806f90 code [0x0000000002807100, 0x00000000028072d8]

GC Heap History (8 events):
Event: 1.495 GC heap before
{Heap before GC invocations=1 (full 0):
 PSYoungGen      total 17920K, used 15360K [0x00000000eab00000, 0x00000000ebf00000, 0x0000000100000000)
  eden space 15360K, 100% used [0x00000000eab00000,0x00000000eba00000,0x00000000eba00000)
  from space 2560K, 0% used [0x00000000ebc80000,0x00000000ebc80000,0x00000000ebf00000)
  to   space 2560K, 0% used [0x00000000eba00000,0x00000000eba00000,0x00000000ebc80000)
 ParOldGen       total 40960K, used 0K [0x00000000c0000000, 0x00000000c2800000, 0x00000000eab00000)
  object space 40960K, 0% used [0x00000000c0000000,0x00000000c0000000,0x00000000c2800000)
 Metaspace       used 5504K, capacity 6512K, committed 6784K, reserved 1056768K
  class space    used 596K, capacity 616K, committed 640K, reserved 1048576K
Event: 1.508 GC heap after
Heap after GC invocations=1 (full 0):
 PSYoungGen      total 17920K, used 2535K [0x00000000eab00000, 0x00000000ebf00000, 0x0000000100000000)
  eden space 15360K, 0% used [0x00000000eab00000,0x00000000eab00000,0x00000000eba00000)
  from space 2560K, 99% used [0x00000000eba00000,0x00000000ebc79f78,0x00000000ebc80000)
  to   space 2560K, 0% used [0x00000000ebc80000,0x00000000ebc80000,0x00000000ebf00000)
 ParOldGen       total 40960K, used 716K [0x00000000c0000000, 0x00000000c2800000, 0x00000000eab00000)
  object space 40960K, 1% used [0x00000000c0000000,0x00000000c00b3248,0x00000000c2800000)
 Metaspace       used 5504K, capacity 6512K, committed 6784K, reserved 1056768K
  class space    used 596K, capacity 616K, committed 640K, reserved 1048576K
}
Event: 2.673 GC heap before
{Heap before GC invocations=2 (full 0):
 PSYoungGen      total 17920K, used 17895K [0x00000000eab00000, 0x00000000ebf00000, 0x0000000100000000)
  eden space 15360K, 100% used [0x00000000eab00000,0x00000000eba00000,0x00000000eba00000)
  from space 2560K, 99% used [0x00000000eba00000,0x00000000ebc79f78,0x00000000ebc80000)
  to   space 2560K, 0% used [0x00000000ebc80000,0x00000000ebc80000,0x00000000ebf00000)
 ParOldGen       total 40960K, used 716K [0x00000000c0000000, 0x00000000c2800000, 0x00000000eab00000)
  object space 40960K, 1% used [0x00000000c0000000,0x00000000c00b3248,0x00000000c2800000)
 Metaspace       used 6049K, capacity 6960K, committed 7040K, reserved 1056768K
  class space    used 601K, capacity 616K, committed 640K, reserved 1048576K
Event: 2.694 GC heap after
Heap after GC invocations=2 (full 0):
 PSYoungGen      total 17920K, used 2528K [0x00000000eab00000, 0x00000000ece00000, 0x0000000100000000)
  eden space 15360K, 0% used [0x00000000eab00000,0x00000000eab00000,0x00000000eba00000)
  from space 2560K, 98% used [0x00000000ebc80000,0x00000000ebef8018,0x00000000ebf00000)
  to   space 2560K, 0% used [0x00000000eba00000,0x00000000eba00000,0x00000000ebc80000)
 ParOldGen       total 40960K, used 2272K [0x00000000c0000000, 0x00000000c2800000, 0x00000000eab00000)
  object space 40960K, 5% used [0x00000000c0000000,0x00000000c0238270,0x00000000c2800000)
 Metaspace       used 6049K, capacity 6960K, committed 7040K, reserved 1056768K
  class space    used 601K, capacity 616K, committed 640K, reserved 1048576K
}
Event: 3.440 GC heap before
{Heap before GC invocations=3 (full 0):
 PSYoungGen      total 17920K, used 17888K [0x00000000eab00000, 0x00000000ece00000, 0x0000000100000000)
  eden space 15360K, 100% used [0x00000000eab00000,0x00000000eba00000,0x00000000eba00000)
  from space 2560K, 98% used [0x00000000ebc80000,0x00000000ebef8018,0x00000000ebf00000)
  to   space 2560K, 0% used [0x00000000eba00000,0x00000000eba00000,0x00000000ebc80000)
 ParOldGen       total 40960K, used 2272K [0x00000000c0000000, 0x00000000c2800000, 0x00000000eab00000)
  object space 40960K, 5% used [0x00000000c0000000,0x00000000c0238270,0x00000000c2800000)
 Metaspace       used 6171K, capacity 7088K, committed 7296K, reserved 1056768K
  class space    used 601K, capacity 616K, committed 640K, reserved 1048576K
Event: 3.469 GC heap after
Heap after GC invocations=3 (full 0):
 PSYoungGen      total 17920K, used 2534K [0x00000000eab00000, 0x00000000ece00000, 0x0000000100000000)
  eden space 15360K, 0% used [0x00000000eab00000,0x00000000eab00000,0x00000000eba00000)
  from space 2560K, 99% used [0x00000000eba00000,0x00000000ebc79a98,0x00000000ebc80000)
  to   space 2560K, 0% used [0x00000000ecb80000,0x00000000ecb80000,0x00000000ece00000)
 ParOldGen       total 40960K, used 4897K [0x00000000c0000000, 0x00000000c2800000, 0x00000000eab00000)
  object space 40960K, 11% used [0x00000000c0000000,0x00000000c04c87b0,0x00000000c2800000)
 Metaspace       used 6171K, capacity 7088K, committed 7296K, reserved 1056768K
  class space    used 601K, capacity 616K, committed 640K, reserved 1048576K
}
Event: 3.996 GC heap before
{Heap before GC invocations=4 (full 0):
 PSYoungGen      total 17920K, used 17894K [0x00000000eab00000, 0x00000000ece00000, 0x0000000100000000)
  eden space 15360K, 100% used [0x00000000eab00000,0x00000000eba00000,0x00000000eba00000)
  from space 2560K, 99% used [0x00000000eba00000,0x00000000ebc79a98,0x00000000ebc80000)
  to   space 2560K, 0% used [0x00000000ecb80000,0x00000000ecb80000,0x00000000ece00000)
 ParOldGen       total 40960K, used 4897K [0x00000000c0000000, 0x00000000c2800000, 0x00000000eab00000)
  object space 40960K, 11% used [0x00000000c0000000,0x00000000c04c87b0,0x00000000c2800000)
 Metaspace       used 6204K, capacity 7088K, committed 7296K, reserved 1056768K
  class space    used 602K, capacity 616K, committed 640K, reserved 1048576K
Event: 4.029 GC heap after
Heap after GC invocations=4 (full 0):
 PSYoungGen      total 33280K, used 2552K [0x00000000eab00000, 0x00000000ece00000, 0x0000000100000000)
  eden space 30720K, 0% used [0x00000000eab00000,0x00000000eab00000,0x00000000ec900000)
  from space 2560K, 99% used [0x00000000ecb80000,0x00000000ecdfe3d8,0x00000000ece00000)
  to   space 2560K, 0% used [0x00000000ec900000,0x00000000ec900000,0x00000000ecb80000)
 ParOldGen       total 40960K, used 7464K [0x00000000c0000000, 0x00000000c2800000, 0x00000000eab00000)
  object space 40960K, 18% used [0x00000000c0000000,0x00000000c074a130,0x00000000c2800000)
 Metaspace       used 6204K, capacity 7088K, committed 7296K, reserved 1056768K
  class space    used 602K, capacity 616K, committed 640K, reserved 1048576K
}

Deoptimization events (9 events):
Event: 0.756 Thread 0x000000000051d800 Uncommon trap: reason=unstable_if action=reinterpret pc=0x0000000002353e54 method=java.lang.String.compareTo(Ljava/lang/String;)I @ 38
Event: 1.548 Thread 0x0000000015d06000 Uncommon trap: reason=unstable_if action=reinterpret pc=0x0000000002440570 method=java.util.BitSet.nextSetBit(I)I @ 87
Event: 2.313 Thread 0x0000000015d00000 Uncommon trap: reason=unstable_if action=reinterpret pc=0x0000000002548464 method=com.android.dx.rop.code.RegisterSpec.equals(ILcom/android/dx/rop/type/TypeBearer;Lcom/android/dx/rop/code/LocalItem;)Z @ 42
Event: 2.343 Thread 0x0000000015d04800 Uncommon trap: reason=unstable_if action=reinterpret pc=0x00000000025dda64 method=com.android.dx.rop.code.RegisterSpecSet.put(Lcom/android/dx/rop/code/RegisterSpec;)V @ 77
Event: 2.998 Thread 0x0000000015d04800 Uncommon trap: reason=null_check action=make_not_entrant pc=0x000000000258722c method=com.android.dx.ssa.SsaRenamer.getLocalForNewReg(I)Lcom/android/dx/rop/code/LocalItem; @ 19
Event: 3.240 Thread 0x0000000015d03800 Uncommon trap: reason=unstable_if action=reinterpret pc=0x0000000002789e8c method=com.android.dx.ssa.SCCP.simulateBranch(Lcom/android/dx/ssa/SsaInsn;)V @ 107
Event: 3.505 Thread 0x0000000015d06000 Uncommon trap: reason=unstable_if action=reinterpret pc=0x000000000244bd1c method=com.android.dx.rop.cst.Constant.compareTo(Lcom/android/dx/rop/cst/Constant;)I @ 12
Event: 4.159 Thread 0x0000000015d00000 Uncommon trap: reason=uninitialized action=reinterpret pc=0x00000000028119f8 method=com.android.dx.cf.code.BytecodeArray.parseInstruction(ILcom/android/dx/cf/code/BytecodeArray$Visitor;)I @ 999
Event: 4.187 Thread 0x0000000015d00000 Uncommon trap: reason=bimorphic action=maybe_recompile pc=0x0000000002661b58 method=java.util.HashMap.putVal(ILjava/lang/Object;Ljava/lang/Object;ZZ)Ljava/lang/Object; @ 203

Internal exceptions (3 events):
Event: 0.283 Thread 0x000000000051d800 Exception <a 'java/lang/NoSuchMethodError': Method sun.misc.Unsafe.defineClass(Ljava/lang/String;[BII)Ljava/lang/Class; name or signature does not match> (0x00000000eab07cc0) thrown at [C:\re\workspace\8-2-build-windows-amd64-cygwin\jdk8u74\6087\hotspot\sr«ièg™“?
Event: 0.283 Thread 0x000000000051d800 Exception <a 'java/lang/NoSuchMethodError': Method sun.misc.Unsafe.prefetchRead(Ljava/lang/Object;J)V name or signature does not match> (0x00000000eab07fa8) thrown at [C:\re\workspace\8-2-build-windows-amd64-cygwin\jdk8u74\6087\hotspot\src\share\vm\prims\jºÜÉ6Í˚@
Event: 2.998 Thread 0x0000000015d04800 Implicit null exception at 0x0000000002585a0e to 0x0000000002587209

Events (10 events):
Event: 3.735 loading class com/android/dx/cf/attrib/AttExceptions
Event: 3.735 loading class com/android/dx/cf/attrib/AttExceptions done
Event: 3.973 Executing VM operation: ParallelGCFailedAllocation
Event: 4.029 Executing VM operation: ParallelGCFailedAllocation done
Event: 4.159 Thread 0x0000000015d00000 Uncommon trap: trap_request=0xffffffb5 fr.pc=0x00000000028119f8
Event: 4.160 Thread 0x0000000015d00000 DEOPT PACKING pc=0x00000000028119f8 sp=0x0000000015faec00
Event: 4.160 Thread 0x0000000015d00000 DEOPT UNPACKING pc=0x000000000224556a sp=0x0000000015faeba0 mode 2
Event: 4.187 Thread 0x0000000015d00000 Uncommon trap: trap_request=0xffffffc6 fr.pc=0x0000000002661b58
Event: 4.187 Thread 0x0000000015d00000 DEOPT PACKING pc=0x0000000002661b58 sp=0x0000000015fae990
Event: 4.187 Thread 0x0000000015d00000 DEOPT UNPACKING pc=0x000000000224556a sp=0x0000000015fae908 mode 2


Dynamic libraries:
0x00007ff7f6530000 - 0x00007ff7f6567000 	D:\Java\jdk1.8.0_74\bin\java.exe
0x00007ffcb44e0000 - 0x00007ffcb46a1000 	C:\WINDOWS\SYSTEM32\ntdll.dll
0x00007ffcb3300000 - 0x00007ffcb33ad000 	C:\WINDOWS\system32\KERNEL32.DLL
0x00007ffcb0b70000 - 0x00007ffcb0d58000 	C:\WINDOWS\system32\KERNELBASE.dll
0x00007ffcb38d0000 - 0x00007ffcb3977000 	C:\WINDOWS\system32\ADVAPI32.dll
0x00007ffcb35a0000 - 0x00007ffcb363d000 	C:\WINDOWS\system32\msvcrt.dll
0x00007ffcb18c0000 - 0x00007ffcb191b000 	C:\WINDOWS\system32\sechost.dll
0x00007ffcb4040000 - 0x00007ffcb415c000 	C:\WINDOWS\system32\RPCRT4.dll
0x00007ffcb3190000 - 0x00007ffcb32e6000 	C:\WINDOWS\system32\USER32.dll
0x00007ffcb4160000 - 0x00007ffcb42e6000 	C:\WINDOWS\system32\GDI32.dll
0x00007ffca2e20000 - 0x00007ffca3094000 	C:\WINDOWS\WinSxS\amd64_microsoft.windows.common-controls_6595b64144ccf1df_6.0.10586.0_none_8c15ae12515e1c22\COMCTL32.dll
0x00007ffcb3dc0000 - 0x00007ffcb403d000 	C:\WINDOWS\system32\combase.dll
0x00007ffcb1850000 - 0x00007ffcb18ba000 	C:\WINDOWS\system32\bcryptPrimitives.dll
0x00007ffcb3560000 - 0x00007ffcb359b000 	C:\WINDOWS\system32\IMM32.DLL
0x00000000649a0000 - 0x0000000064a72000 	D:\Java\jdk1.8.0_74\jre\bin\msvcr100.dll
0x0000000064e00000 - 0x0000000065690000 	D:\Java\jdk1.8.0_74\jre\bin\server\jvm.dll
0x00007ffcb32f0000 - 0x00007ffcb32f8000 	C:\WINDOWS\system32\PSAPI.DLL
0x00007ffcac030000 - 0x00007ffcac039000 	C:\WINDOWS\SYSTEM32\WSOCK32.dll
0x00007ffcb2f00000 - 0x00007ffcb2f6b000 	C:\WINDOWS\system32\WS2_32.dll
0x00007ffcaf2d0000 - 0x00007ffcaf2f3000 	C:\WINDOWS\SYSTEM32\WINMM.dll
0x00007ffcad130000 - 0x00007ffcad13a000 	C:\WINDOWS\SYSTEM32\VERSION.dll
0x00007ffcaf270000 - 0x00007ffcaf29c000 	C:\WINDOWS\SYSTEM32\WINMMBASE.dll
0x00007ffcb0d60000 - 0x00007ffcb0da3000 	C:\WINDOWS\system32\cfgmgr32.dll
0x00000000665a0000 - 0x00000000665af000 	D:\Java\jdk1.8.0_74\jre\bin\verify.dll
0x0000000064dd0000 - 0x0000000064df9000 	D:\Java\jdk1.8.0_74\jre\bin\java.dll
0x0000000064db0000 - 0x0000000064dc6000 	D:\Java\jdk1.8.0_74\jre\bin\zip.dll
0x00007ffcb1920000 - 0x00007ffcb2e7c000 	C:\WINDOWS\system32\SHELL32.dll
0x00007ffcb1200000 - 0x00007ffcb1845000 	C:\WINDOWS\system32\windows.storage.dll
0x00007ffcb2e80000 - 0x00007ffcb2ed2000 	C:\WINDOWS\system32\shlwapi.dll
0x00007ffcb0b60000 - 0x00007ffcb0b6f000 	C:\WINDOWS\system32\kernel.appcore.dll
0x00007ffcb10c0000 - 0x00007ffcb1175000 	C:\WINDOWS\system32\shcore.dll
0x00007ffcb0ae0000 - 0x00007ffcb0b2b000 	C:\WINDOWS\system32\powrprof.dll
0x00007ffcb0b30000 - 0x00007ffcb0b44000 	C:\WINDOWS\system32\profapi.dll

VM Arguments:
jvm_args: -Djava.awt.headless=true -Xmx1024M -Dfile.encoding=windows-1251 -Duser.country=RU -Duser.language=ru -Duser.variant 
java_command: com.android.dx.command.Main --dex --num-threads=4 --output C:\Users\Oleg\AndroidStudioProjects\rorb\app\build\intermediates\pre-dexed\debug\com.android.support-appcompat-v7-23.3.0_5f2d7411b14b0cc7b370660004c771da00b07959.jar C:\Users\Oleg\AndroidStudioProjects\rorb\app\build\intermediates\exploded-aar\com.android.support\appcompat-v7\23.3.0\jars\classes.jar
java_class_path (initial): D:\Java\Android\sdk\build-tools\23.0.3\lib\dx.jar
Launcher Type: SUN_STANDARD

Environment Variables:
PATH=D:\Oracle\product\11.2.0\Client32Bit\bin;D:\oracle\product\11.2.0\dbhome_1\bin;C:\ProgramData\Oracle\Java\javapath;C:\WINDOWS\system32;C:\WINDOWS;C:\WINDOWS\System32\Wbem;C:\WINDOWS\System32\WindowsPowerShell\v1.0\;c:\Program Files (x86)\Microsoft SQL Server\100\Tools\Binn\;c:\Program Files\Microsoft SQL Server\100\Tools\Binn\;c:\Program Files\Microsoft SQL Server\100\DTS\Binn\;c:\Program Files (x86)\Microsoft ASP.NET\ASP.NET Web Pages\v1.0\;c:\Program Files\Microsoft SQL Server\110\Tools\Binn\;C:\Program Files (x86)\Microsoft SQL Server\100\Tools\Binn\VSShell\Common7\IDE\;C:\Program Files (x86)\Microsoft Visual Studio 9.0\Common7\IDE\PrivateAssemblies\;C:\Program Files (x86)\Microsoft SQL Server\100\DTS\Binn\;C:\Program Files\Microsoft\Web Platform Installer\;C:\Program Files\Microsoft SQL Server\120\Tools\Binn\;C:\Program Files (x86)\Common Files\Acronis\SnapAPI\;C:\Program Files (x86)\MySQL\MySQL Fabric 1.5 & MySQL Utilities 1.5\;C:\Program Files (x86)\MySQL\MySQL Fabric 1.5 & MySQL Utilities 1.5\Doctrine extensions for PHP\;C:\Program Files\Git\cmd;C:\Program Files\Git\mingw64\bin;C:\Program Files\Git\usr\bin;C:\Program Files (x86)\Skype\Phone\;C:\Program Files (x86)\Windows Live\Shared;C:\WINDOWS\system32\config\systemprofile\.dnx\bin;C:\Program Files\Microsoft DNX\Dnvm\;d:\Java\Android\sdk\tools\;d:\Java\Android\sdk\platform-tools\
USERNAME=Oleg
OS=Windows_NT
PROCESSOR_IDENTIFIER=AMD64 Family 17 Model 3 Stepping 1, AuthenticAMD



---------------  S Y S T E M  ---------------

OS: Windows 10.0 , 64 bit Build 10586 (10.0.10586.0)

CPU:total 2 (2 cores per cpu, 1 threads per core) family 17 model 3 stepping 1, cmov, cx8, fxsr, mmx, sse, sse2, sse3, mmxext, 3dnowpref, tsc, tscinvbit

Memory: 4k page, physical 3931284k(335384k free), swap 5467284k(5292k free)

vm_info: Java HotSpot(TM) 64-Bit Server VM (25.74-b02) for windows-amd64 JRE (1.8.0_74-b02), built on Jan 29 2016 17:42:36 by "java_re" with MS VC++ 10.0 (VS2010)

time: Thu May 12 00:34:56 2016
elapsed time: 4 seconds (0d 0h 0m 4s)

