#
# There is insufficient memory for the Java Runtime Environment to continue.
# Native memory allocation (malloc) failed to allocate 32744 bytes for ChunkPool::allocate
# Possible reasons:
#   The system is out of physical RAM or swap space
#   In 32 bit mode, the process size limit was hit
# Possible solutions:
#   Reduce memory load on the system
#   Increase physical memory or swap space
#   Check if swap backing store is full
#   Use 64 bit Java on a 64 bit OS
#   Decrease Java heap size (-Xmx/-Xms)
#   Decrease number of Java threads
#   Decrease Java thread stack sizes (-Xss)
#   Set larger code cache with -XX:ReservedCodeCacheSize=
# This output file may be truncated or incomplete.
#
#  Out of Memory Error (allocation.cpp:273), pid=7112, tid=5812
#
# JRE version: Java(TM) SE Runtime Environment (8.0_74-b02) (build 1.8.0_74-b02)
# Java VM: Java HotSpot(TM) 64-Bit Server VM (25.74-b02 mixed mode windows-amd64 compressed oops)
# Failed to write core dump. Minidumps are not enabled by default on client versions of Windows
#

---------------  T H R E A D  ---------------

Current thread (0x00000000147ce000):  JavaThread "C2 CompilerThread0" daemon [_thread_in_native, id=5812, stack(0x00000000157f0000,0x00000000158f0000)]

Stack: [0x00000000157f0000,0x00000000158f0000]
[error occurred during error reporting (printing stack bounds), id 0xc0000005]

Native frames: (J=compiled Java code, j=interpreted, Vv=VM code, C=native code)


Current CompileTask:
C2:   2345  682       4       com.android.dx.rop.cst.CstString::utf8BytesToString (391 bytes)


---------------  P R O C E S S  ---------------

Java Threads: ( => current thread )
  0x0000000015e3d800 JavaThread "pool-1-thread-4" [_thread_in_Java, id=6556, stack(0x00000000163f0000,0x00000000164f0000)]
  0x0000000015e39800 JavaThread "pool-1-thread-3" [_thread_in_vm, id=1740, stack(0x00000000162f0000,0x00000000163f0000)]
  0x0000000015e36800 JavaThread "pool-1-thread-2" [_thread_blocked, id=7744, stack(0x00000000161f0000,0x00000000162f0000)]
  0x0000000015e32800 JavaThread "pool-2-thread-1" [_thread_blocked, id=5496, stack(0x00000000160f0000,0x00000000161f0000)]
  0x0000000015e13800 JavaThread "pool-1-thread-1" [_thread_blocked, id=3608, stack(0x0000000015ff0000,0x00000000160f0000)]
  0x00000000147da000 JavaThread "Service Thread" daemon [_thread_blocked, id=4788, stack(0x00000000159f0000,0x0000000015af0000)]
  0x00000000147d1000 JavaThread "C1 CompilerThread1" daemon [_thread_in_vm, id=2788, stack(0x00000000158f0000,0x00000000159f0000)]
=>0x00000000147ce000 JavaThread "C2 CompilerThread0" daemon [_thread_in_native, id=5812, stack(0x00000000157f0000,0x00000000158f0000)]
  0x00000000147cc000 JavaThread "Attach Listener" daemon [_thread_blocked, id=7912, stack(0x00000000156f0000,0x00000000157f0000)]
  0x00000000147c6800 JavaThread "Signal Dispatcher" daemon [_thread_blocked, id=7676, stack(0x00000000155f0000,0x00000000156f0000)]
  0x00000000147b8800 JavaThread "Finalizer" daemon [_thread_blocked, id=8172, stack(0x0000000015400000,0x0000000015500000)]
  0x000000000232c800 JavaThread "Reference Handler" daemon [_thread_blocked, id=7916, stack(0x0000000015300000,0x0000000015400000)]
  0x000000000210d800 JavaThread "main" [_thread_blocked, id=6808, stack(0x0000000001f50000,0x0000000002050000)]

Other Threads:
  0x0000000014797000 VMThread [stack: 0x0000000015200000,0x0000000015300000] [id=7656]
  0x00000000147fa800 WatcherThread [stack: 0x0000000015af0000,0x0000000015bf0000] [id=3652]

VM state:not at safepoint (normal execution)

VM Mutex/Monitor currently owned by a thread: None

Heap:
 PSYoungGen      total 17920K, used 9488K [0x00000000eab00000, 0x00000000ece00000, 0x0000000100000000)
  eden space 15360K, 54% used [0x00000000eab00000,0x00000000eb31b078,0x00000000eba00000)
  from space 2560K, 46% used [0x00000000eba00000,0x00000000ebb29290,0x00000000ebc80000)
  to   space 2560K, 0% used [0x00000000ecb80000,0x00000000ecb80000,0x00000000ece00000)
 ParOldGen       total 40960K, used 0K [0x00000000c0000000, 0x00000000c2800000, 0x00000000eab00000)
  object space 40960K, 0% used [0x00000000c0000000,0x00000000c0000000,0x00000000c2800000)
 Metaspace       used 5615K, capacity 6576K, committed 6784K, reserved 1056768K
  class space    used 596K, capacity 616K, committed 640K, reserved 1048576K

Card table byte_map: [0x0000000011700000,0x0000000011910000] byte_map_base: 0x0000000011100000

Marking Bits: (ParMarkBitMap*) 0x0000000065610600
 Begin Bits: [0x0000000011c70000, 0x0000000012c70000)
 End Bits:   [0x0000000012c70000, 0x0000000013c70000)

Polling page: 0x00000000001f0000

CodeCache: size=245760Kb used=2571Kb max_used=2582Kb free=243188Kb
 bounds [0x0000000002340000, 0x00000000025d0000, 0x0000000011340000]
 total_blobs=938 nmethods=671 adapters=182
 compilation: enabled

Compilation events (10 events):
Event: 2.332 Thread 0x00000000147d1000  654       3       com.android.dx.rop.cst.CstInteger::getType (4 bytes)
Event: 2.332 Thread 0x00000000147d1000 nmethod 654 0x00000000025c4110 code [0x00000000025c4260, 0x00000000025c43b0]
Event: 2.332 Thread 0x00000000147d1000  665       1       com.android.dx.rop.code.ThrowingCstInsn::getCatches (5 bytes)
Event: 2.332 Thread 0x00000000147d1000 nmethod 665 0x00000000025c3e50 code [0x00000000025c3fa0, 0x00000000025c40b0]
Event: 2.332 Thread 0x00000000147d1000  659       1       com.android.dx.ssa.SsaMethod::getParamWidth (5 bytes)
Event: 2.332 Thread 0x00000000147d1000 nmethod 659 0x00000000025c3b90 code [0x00000000025c3ce0, 0x00000000025c3df0]
Event: 2.332 Thread 0x00000000147d1000  670   !   3       com.android.dx.cf.code.BytecodeArray::parseInstruction (2764 bytes)
Event: 2.334 Thread 0x00000000147ce000  678       4       com.android.dx.util.Bits::set (19 bytes)
Event: 2.335 Thread 0x00000000147ce000 nmethod 678 0x000000000255ced0 code [0x000000000255d000, 0x000000000255d098]
Event: 2.339 Thread 0x00000000147ce000  682       4       com.android.dx.rop.cst.CstString::utf8BytesToString (391 bytes)

GC Heap History (2 events):
Event: 0.987 GC heap before
{Heap before GC invocations=1 (full 0):
 PSYoungGen      total 17920K, used 15360K [0x00000000eab00000, 0x00000000ebf00000, 0x0000000100000000)
  eden space 15360K, 100% used [0x00000000eab00000,0x00000000eba00000,0x00000000eba00000)
  from space 2560K, 0% used [0x00000000ebc80000,0x00000000ebc80000,0x00000000ebf00000)
  to   space 2560K, 0% used [0x00000000eba00000,0x00000000eba00000,0x00000000ebc80000)
 ParOldGen       total 40960K, used 0K [0x00000000c0000000, 0x00000000c2800000, 0x00000000eab00000)
  object space 40960K, 0% used [0x00000000c0000000,0x00000000c0000000,0x00000000c2800000)
 Metaspace       used 3687K, capacity 4880K, committed 5120K, reserved 1056768K
  class space    used 406K, capacity 456K, committed 512K, reserved 1048576K
Event: 1.025 GC heap after
Heap after GC invocations=1 (full 0):
 PSYoungGen      total 17920K, used 1188K [0x00000000eab00000, 0x00000000ece00000, 0x0000000100000000)
  eden space 15360K, 0% used [0x00000000eab00000,0x00000000eab00000,0x00000000eba00000)
  from space 2560K, 46% used [0x00000000eba00000,0x00000000ebb29290,0x00000000ebc80000)
  to   space 2560K, 0% used [0x00000000ecb80000,0x00000000ecb80000,0x00000000ece00000)
 ParOldGen       total 40960K, used 0K [0x00000000c0000000, 0x00000000c2800000, 0x00000000eab00000)
  object space 40960K, 0% used [0x00000000c0000000,0x00000000c0000000,0x00000000c2800000)
 Metaspace       used 3687K, capacity 4880K, committed 5120K, reserved 1056768K
  class space    used 406K, capacity 456K, committed 512K, reserved 1048576K
}

Deoptimization events (2 events):
Event: 0.862 Thread 0x000000000210d800 Uncommon trap: reason=unstable_if action=reinterpret pc=0x0000000002499694 method=java.lang.String.compareTo(Ljava/lang/String;)I @ 38
Event: 2.310 Thread 0x000000000210d800 Uncommon trap: reason=unstable_if action=reinterpret pc=0x0000000002591c30 method=java.util.HashMap.getNode(ILjava/lang/Object;)Ljava/util/HashMap$Node; @ 62

Internal exceptions (2 events):
Event: 0.118 Thread 0x000000000210d800 Exception <a 'java/lang/NoSuchMethodError': Method sun.misc.Unsafe.defineClass(Ljava/lang/String;[BII)Ljava/lang/Class; name or signature does not match> (0x00000000eab07cc0) thrown at [C:\re\workspace\8-2-build-windows-amd64-cygwin\jdk8u74\6087\hotspot\srÀÂS≥G?æ?
Event: 0.118 Thread 0x000000000210d800 Exception <a 'java/lang/NoSuchMethodError': Method sun.misc.Unsafe.prefetchRead(Ljava/lang/Object;J)V name or signature does not match> (0x00000000eab07fa8) thrown at [C:\re\workspace\8-2-build-windows-amd64-cygwin\jdk8u74\6087\hotspot\src\share\vm\prims\j

Events (10 events):
Event: 2.272 loading class java/util/TreeMap$EntryIterator done
Event: 2.274 loading class com/android/dx/dex/file/ParameterAnnotationStruct
Event: 2.274 loading class com/android/dx/dex/file/ParameterAnnotationStruct done
Event: 2.275 loading class com/android/dx/dex/file/UniformListItem
Event: 2.275 loading class com/android/dx/dex/file/UniformListItem done
Event: 2.276 loading class com/android/dx/dex/file/AnnotationSetRefItem
Event: 2.276 loading class com/android/dx/dex/file/AnnotationSetRefItem done
Event: 2.309 Thread 0x000000000210d800 Uncommon trap: trap_request=0xffffff65 fr.pc=0x0000000002591c30
Event: 2.310 Thread 0x000000000210d800 DEOPT PACKING pc=0x0000000002591c30 sp=0x000000000204dda0
Event: 2.310 Thread 0x000000000210d800 DEOPT UNPACKING pc=0x000000000238556a sp=0x000000000204dd18 mode 2


Dynamic libraries:
0x00007ff7f6530000 - 0x00007ff7f6567000 	D:\Java\jdk1.8.0_74\bin\java.exe
0x00007ffcb44e0000 - 0x00007ffcb46a1000 	C:\WINDOWS\SYSTEM32\ntdll.dll
0x00007ffcb3300000 - 0x00007ffcb33ad000 	C:\WINDOWS\system32\KERNEL32.DLL
0x00007ffcb0b70000 - 0x00007ffcb0d58000 	C:\WINDOWS\system32\KERNELBASE.dll
0x00007ffcb38d0000 - 0x00007ffcb3977000 	C:\WINDOWS\system32\ADVAPI32.dll
0x00007ffcb35a0000 - 0x00007ffcb363d000 	C:\WINDOWS\system32\msvcrt.dll
0x00007ffcb18c0000 - 0x00007ffcb191b000 	C:\WINDOWS\system32\sechost.dll
0x00007ffcb4040000 - 0x00007ffcb415c000 	C:\WINDOWS\system32\RPCRT4.dll
0x00007ffcb3190000 - 0x00007ffcb32e6000 	C:\WINDOWS\system32\USER32.dll
0x00007ffcb4160000 - 0x00007ffcb42e6000 	C:\WINDOWS\system32\GDI32.dll
0x00007ffca2e20000 - 0x00007ffca3094000 	C:\WINDOWS\WinSxS\amd64_microsoft.windows.common-controls_6595b64144ccf1df_6.0.10586.0_none_8c15ae12515e1c22\COMCTL32.dll
0x00007ffcb3dc0000 - 0x00007ffcb403d000 	C:\WINDOWS\system32\combase.dll
0x00007ffcb1850000 - 0x00007ffcb18ba000 	C:\WINDOWS\system32\bcryptPrimitives.dll
0x00007ffcb3560000 - 0x00007ffcb359b000 	C:\WINDOWS\system32\IMM32.DLL
0x00000000649a0000 - 0x0000000064a72000 	D:\Java\jdk1.8.0_74\jre\bin\msvcr100.dll
0x0000000064e00000 - 0x0000000065690000 	D:\Java\jdk1.8.0_74\jre\bin\server\jvm.dll
0x00007ffcb32f0000 - 0x00007ffcb32f8000 	C:\WINDOWS\system32\PSAPI.DLL
0x00007ffcac030000 - 0x00007ffcac039000 	C:\WINDOWS\SYSTEM32\WSOCK32.dll
0x00007ffcb2f00000 - 0x00007ffcb2f6b000 	C:\WINDOWS\system32\WS2_32.dll
0x00007ffcaf2d0000 - 0x00007ffcaf2f3000 	C:\WINDOWS\SYSTEM32\WINMM.dll
0x00007ffcad130000 - 0x00007ffcad13a000 	C:\WINDOWS\SYSTEM32\VERSION.dll
0x00007ffcaf270000 - 0x00007ffcaf29c000 	C:\WINDOWS\SYSTEM32\WINMMBASE.dll
0x00007ffcb0d60000 - 0x00007ffcb0da3000 	C:\WINDOWS\system32\cfgmgr32.dll
0x00000000665a0000 - 0x00000000665af000 	D:\Java\jdk1.8.0_74\jre\bin\verify.dll
0x0000000064dd0000 - 0x0000000064df9000 	D:\Java\jdk1.8.0_74\jre\bin\java.dll
0x0000000064db0000 - 0x0000000064dc6000 	D:\Java\jdk1.8.0_74\jre\bin\zip.dll
0x00007ffcb1920000 - 0x00007ffcb2e7c000 	C:\WINDOWS\system32\SHELL32.dll
0x00007ffcb1200000 - 0x00007ffcb1845000 	C:\WINDOWS\system32\windows.storage.dll
0x00007ffcb2e80000 - 0x00007ffcb2ed2000 	C:\WINDOWS\system32\shlwapi.dll
0x00007ffcb0b60000 - 0x00007ffcb0b6f000 	C:\WINDOWS\system32\kernel.appcore.dll
0x00007ffcb10c0000 - 0x00007ffcb1175000 	C:\WINDOWS\system32\shcore.dll
0x00007ffcb0ae0000 - 0x00007ffcb0b2b000 	C:\WINDOWS\system32\powrprof.dll
0x00007ffcb0b30000 - 0x00007ffcb0b44000 	C:\WINDOWS\system32\profapi.dll

VM Arguments:
jvm_args: -Djava.awt.headless=true -Xmx1024M -Dfile.encoding=windows-1251 -Duser.country=RU -Duser.language=ru -Duser.variant 
java_command: com.android.dx.command.Main --dex --num-threads=4 --output C:\Users\Oleg\AndroidStudioProjects\rorb\app\build\intermediates\pre-dexed\debug\com.android.support-support-v4-23.3.0_04d393fba9bccfed7861513ee9448e0d7739042e.jar C:\Users\Oleg\AndroidStudioProjects\rorb\app\build\intermediates\exploded-aar\com.android.support\support-v4\23.3.0\jars\classes.jar
java_class_path (initial): D:\Java\Android\sdk\build-tools\23.0.3\lib\dx.jar
Launcher Type: SUN_STANDARD

Environment Variables:
PATH=D:\Oracle\product\11.2.0\Client32Bit\bin;D:\oracle\product\11.2.0\dbhome_1\bin;C:\ProgramData\Oracle\Java\javapath;C:\WINDOWS\system32;C:\WINDOWS;C:\WINDOWS\System32\Wbem;C:\WINDOWS\System32\WindowsPowerShell\v1.0\;c:\Program Files (x86)\Microsoft SQL Server\100\Tools\Binn\;c:\Program Files\Microsoft SQL Server\100\Tools\Binn\;c:\Program Files\Microsoft SQL Server\100\DTS\Binn\;c:\Program Files (x86)\Microsoft ASP.NET\ASP.NET Web Pages\v1.0\;c:\Program Files\Microsoft SQL Server\110\Tools\Binn\;C:\Program Files (x86)\Microsoft SQL Server\100\Tools\Binn\VSShell\Common7\IDE\;C:\Program Files (x86)\Microsoft Visual Studio 9.0\Common7\IDE\PrivateAssemblies\;C:\Program Files (x86)\Microsoft SQL Server\100\DTS\Binn\;C:\Program Files\Microsoft\Web Platform Installer\;C:\Program Files\Microsoft SQL Server\120\Tools\Binn\;C:\Program Files (x86)\Common Files\Acronis\SnapAPI\;C:\Program Files (x86)\MySQL\MySQL Fabric 1.5 & MySQL Utilities 1.5\;C:\Program Files (x86)\MySQL\MySQL Fabric 1.5 & MySQL Utilities 1.5\Doctrine extensions for PHP\;C:\Program Files\Git\cmd;C:\Program Files\Git\mingw64\bin;C:\Program Files\Git\usr\bin;C:\Program Files (x86)\Skype\Phone\;C:\Program Files (x86)\Windows Live\Shared;C:\WINDOWS\system32\config\systemprofile\.dnx\bin;C:\Program Files\Microsoft DNX\Dnvm\;d:\Java\Android\sdk\tools\;d:\Java\Android\sdk\platform-tools\
USERNAME=Oleg
OS=Windows_NT
PROCESSOR_IDENTIFIER=AMD64 Family 17 Model 3 Stepping 1, AuthenticAMD



---------------  S Y S T E M  ---------------

OS: Windows 10.0 , 64 bit Build 10586 (10.0.10586.0)

CPU:total 2 (2 cores per cpu, 1 threads per core) family 17 model 3 stepping 1, cmov, cx8, fxsr, mmx, sse, sse2, sse3, mmxext, 3dnowpref, tsc, tscinvbit

Memory: 4k page, physical 3931284k(323360k free), swap 5467284k(2652k free)

vm_info: Java HotSpot(TM) 64-Bit Server VM (25.74-b02) for windows-amd64 JRE (1.8.0_74-b02), built on Jan 29 2016 17:42:36 by "java_re" with MS VC++ 10.0 (VS2010)

time: Thu May 12 00:32:47 2016
elapsed time: 2 seconds (0d 0h 0m 2s)

