#
# There is insufficient memory for the Java Runtime Environment to continue.
# Native memory allocation (malloc) failed to allocate 1048576 bytes for AllocateHeap
# Possible reasons:
#   The system is out of physical RAM or swap space
#   In 32 bit mode, the process size limit was hit
# Possible solutions:
#   Reduce memory load on the system
#   Increase physical memory or swap space
#   Check if swap backing store is full
#   Use 64 bit Java on a 64 bit OS
#   Decrease Java heap size (-Xmx/-Xms)
#   Decrease number of Java threads
#   Decrease Java thread stack sizes (-Xss)
#   Set larger code cache with -XX:ReservedCodeCacheSize=
# This output file may be truncated or incomplete.
#
#  Out of Memory Error (memory/allocation.inline.hpp:61), pid=6572, tid=580
#
# JRE version:  (8.0_74-b02) (build )
# Java VM: Java HotSpot(TM) 64-Bit Server VM (25.74-b02 mixed mode windows-amd64 compressed oops)
# Failed to write core dump. Minidumps are not enabled by default on client versions of Windows
#

---------------  T H R E A D  ---------------

Current thread (0x00000000020ed800):  JavaThread "Unknown thread" [_thread_in_vm, id=580, stack(0x00000000020f0000,0x00000000021f0000)]

Stack: [0x00000000020f0000,0x00000000021f0000]
[error occurred during error reporting (printing stack bounds), id 0xc0000005]

Native frames: (J=compiled Java code, j=interpreted, Vv=VM code, C=native code)


---------------  P R O C E S S  ---------------

Java Threads: ( => current thread )

Other Threads:

=>0x00000000020ed800 (exited) JavaThread "Unknown thread" [_thread_in_vm, id=580, stack(0x00000000020f0000,0x00000000021f0000)]

VM state:not at safepoint (normal execution)

VM Mutex/Monitor currently owned by a thread: None

Heap:
 PSYoungGen      total 17920K, used 307K [0x00000000eab00000, 0x00000000ebf00000, 0x0000000100000000)
  eden space 15360K, 2% used [0x00000000eab00000,0x00000000eab4ccd8,0x00000000eba00000)
  from space 2560K, 0% used [0x00000000ebc80000,0x00000000ebc80000,0x00000000ebf00000)
  to   space 2560K, 0% used [0x00000000eba00000,0x00000000eba00000,0x00000000ebc80000)
 ParOldGen       total 40960K, used 0K [0x00000000c0000000, 0x00000000c2800000, 0x00000000eab00000)
  object space 40960K, 0% used [0x00000000c0000000,0x00000000c0000000,0x00000000c2800000)
 Metaspace       used 769K, capacity 4480K, committed 4480K, reserved 1056768K
  class space    used 75K, capacity 384K, committed 384K, reserved 1048576K

Card table byte_map: [0x00000000117b0000,0x00000000119c0000] byte_map_base: 0x00000000111b0000

Marking Bits: (ParMarkBitMap*) 0x0000000065610600
 Begin Bits: [0x0000000011d20000, 0x0000000012d20000)
 End Bits:   [0x0000000012d20000, 0x0000000013d20000)

Polling page: 0x00000000001f0000

CodeCache: size=245760Kb used=327Kb max_used=327Kb free=245432Kb
 bounds [0x00000000023f0000, 0x0000000002660000, 0x00000000113f0000]
 total_blobs=56 nmethods=0 adapters=38
 compilation: enabled

Compilation events (0 events):
No events

GC Heap History (0 events):
No events

Deoptimization events (0 events):
No events

Internal exceptions (0 events):
No events

Events (10 events):
Event: 0.079 loading class java/lang/Short
Event: 0.079 loading class java/lang/Short done
Event: 0.079 loading class java/lang/Integer
Event: 0.080 loading class java/lang/Integer done
Event: 0.080 loading class java/lang/Long
Event: 0.080 loading class java/lang/Long done
Event: 0.084 loading class java/lang/NullPointerException
Event: 0.084 loading class java/lang/NullPointerException done
Event: 0.084 loading class java/lang/ArithmeticException
Event: 0.084 loading class java/lang/ArithmeticException done


Dynamic libraries:
0x00007ff7f6530000 - 0x00007ff7f6567000 	D:\Java\jdk1.8.0_74\bin\java.exe
0x00007ffcb44e0000 - 0x00007ffcb46a1000 	C:\WINDOWS\SYSTEM32\ntdll.dll
0x00007ffcb3300000 - 0x00007ffcb33ad000 	C:\WINDOWS\system32\KERNEL32.DLL
0x00007ffcb0b70000 - 0x00007ffcb0d58000 	C:\WINDOWS\system32\KERNELBASE.dll
0x00007ffcb38d0000 - 0x00007ffcb3977000 	C:\WINDOWS\system32\ADVAPI32.dll
0x00007ffcb35a0000 - 0x00007ffcb363d000 	C:\WINDOWS\system32\msvcrt.dll
0x00007ffcb18c0000 - 0x00007ffcb191b000 	C:\WINDOWS\system32\sechost.dll
0x00007ffcb4040000 - 0x00007ffcb415c000 	C:\WINDOWS\system32\RPCRT4.dll
0x00007ffcb3190000 - 0x00007ffcb32e6000 	C:\WINDOWS\system32\USER32.dll
0x00007ffcb4160000 - 0x00007ffcb42e6000 	C:\WINDOWS\system32\GDI32.dll
0x00007ffca2e20000 - 0x00007ffca3094000 	C:\WINDOWS\WinSxS\amd64_microsoft.windows.common-controls_6595b64144ccf1df_6.0.10586.0_none_8c15ae12515e1c22\COMCTL32.dll
0x00007ffcb3dc0000 - 0x00007ffcb403d000 	C:\WINDOWS\system32\combase.dll
0x00007ffcb1850000 - 0x00007ffcb18ba000 	C:\WINDOWS\system32\bcryptPrimitives.dll
0x00007ffcb3560000 - 0x00007ffcb359b000 	C:\WINDOWS\system32\IMM32.DLL
0x00000000649a0000 - 0x0000000064a72000 	D:\Java\jdk1.8.0_74\jre\bin\msvcr100.dll
0x0000000064e00000 - 0x0000000065690000 	D:\Java\jdk1.8.0_74\jre\bin\server\jvm.dll
0x00007ffcb32f0000 - 0x00007ffcb32f8000 	C:\WINDOWS\system32\PSAPI.DLL
0x00007ffcac030000 - 0x00007ffcac039000 	C:\WINDOWS\SYSTEM32\WSOCK32.dll
0x00007ffcb2f00000 - 0x00007ffcb2f6b000 	C:\WINDOWS\system32\WS2_32.dll
0x00007ffcaf2d0000 - 0x00007ffcaf2f3000 	C:\WINDOWS\SYSTEM32\WINMM.dll
0x00007ffcad130000 - 0x00007ffcad13a000 	C:\WINDOWS\SYSTEM32\VERSION.dll
0x00007ffcaf270000 - 0x00007ffcaf29c000 	C:\WINDOWS\SYSTEM32\WINMMBASE.dll
0x00007ffcb0d60000 - 0x00007ffcb0da3000 	C:\WINDOWS\system32\cfgmgr32.dll
0x00000000665a0000 - 0x00000000665af000 	D:\Java\jdk1.8.0_74\jre\bin\verify.dll
0x0000000064dd0000 - 0x0000000064df9000 	D:\Java\jdk1.8.0_74\jre\bin\java.dll
0x0000000064db0000 - 0x0000000064dc6000 	D:\Java\jdk1.8.0_74\jre\bin\zip.dll

VM Arguments:
jvm_args: -Djava.awt.headless=true -Xmx1024M -Dfile.encoding=windows-1251 -Duser.country=RU -Duser.language=ru -Duser.variant 
java_command: com.android.dx.command.Main --dex --num-threads=4 --output C:\Users\Oleg\AndroidStudioProjects\rorb\app\build\intermediates\pre-dexed\debug\com.android.support-animated-vector-drawable-23.3.0_3d694667fb28f580cb195727062311fdbcbcda3f.jar C:\Users\Oleg\AndroidStudioProjects\rorb\app\build\intermediates\exploded-aar\com.android.support\animated-vector-drawable\23.3.0\jars\classes.jar
java_class_path (initial): D:\Java\Android\sdk\build-tools\23.0.3\lib\dx.jar
Launcher Type: SUN_STANDARD

Environment Variables:
PATH=D:\Oracle\product\11.2.0\Client32Bit\bin;D:\oracle\product\11.2.0\dbhome_1\bin;C:\ProgramData\Oracle\Java\javapath;C:\WINDOWS\system32;C:\WINDOWS;C:\WINDOWS\System32\Wbem;C:\WINDOWS\System32\WindowsPowerShell\v1.0\;c:\Program Files (x86)\Microsoft SQL Server\100\Tools\Binn\;c:\Program Files\Microsoft SQL Server\100\Tools\Binn\;c:\Program Files\Microsoft SQL Server\100\DTS\Binn\;c:\Program Files (x86)\Microsoft ASP.NET\ASP.NET Web Pages\v1.0\;c:\Program Files\Microsoft SQL Server\110\Tools\Binn\;C:\Program Files (x86)\Microsoft SQL Server\100\Tools\Binn\VSShell\Common7\IDE\;C:\Program Files (x86)\Microsoft Visual Studio 9.0\Common7\IDE\PrivateAssemblies\;C:\Program Files (x86)\Microsoft SQL Server\100\DTS\Binn\;C:\Program Files\Microsoft\Web Platform Installer\;C:\Program Files\Microsoft SQL Server\120\Tools\Binn\;C:\Program Files (x86)\Common Files\Acronis\SnapAPI\;C:\Program Files (x86)\MySQL\MySQL Fabric 1.5 & MySQL Utilities 1.5\;C:\Program Files (x86)\MySQL\MySQL Fabric 1.5 & MySQL Utilities 1.5\Doctrine extensions for PHP\;C:\Program Files\Git\cmd;C:\Program Files\Git\mingw64\bin;C:\Program Files\Git\usr\bin;C:\Program Files (x86)\Skype\Phone\;C:\Program Files (x86)\Windows Live\Shared;C:\WINDOWS\system32\config\systemprofile\.dnx\bin;C:\Program Files\Microsoft DNX\Dnvm\;d:\Java\Android\sdk\tools\;d:\Java\Android\sdk\platform-tools\
USERNAME=Oleg
OS=Windows_NT
PROCESSOR_IDENTIFIER=AMD64 Family 17 Model 3 Stepping 1, AuthenticAMD



---------------  S Y S T E M  ---------------

OS: Windows 10.0 , 64 bit Build 10586 (10.0.10586.0)

CPU:total 2 (2 cores per cpu, 1 threads per core) family 17 model 3 stepping 1, cmov, cx8, fxsr, mmx, sse, sse2, sse3, mmxext, 3dnowpref, tsc, tscinvbit

Memory: 4k page, physical 3931284k(398712k free), swap 5467244k(5676k free)

vm_info: Java HotSpot(TM) 64-Bit Server VM (25.74-b02) for windows-amd64 JRE (1.8.0_74-b02), built on Jan 29 2016 17:42:36 by "java_re" with MS VC++ 10.0 (VS2010)

time: Thu May 12 00:32:18 2016
elapsed time: 0 seconds (0d 0h 0m 0s)

