#
# There is insufficient memory for the Java Runtime Environment to continue.
# Native memory allocation (malloc) failed to allocate 694736 bytes for Chunk::new
# Possible reasons:
#   The system is out of physical RAM or swap space
#   In 32 bit mode, the process size limit was hit
# Possible solutions:
#   Reduce memory load on the system
#   Increase physical memory or swap space
#   Check if swap backing store is full
#   Use 64 bit Java on a 64 bit OS
#   Decrease Java heap size (-Xmx/-Xms)
#   Decrease number of Java threads
#   Decrease Java thread stack sizes (-Xss)
#   Set larger code cache with -XX:ReservedCodeCacheSize=
# This output file may be truncated or incomplete.
#
#  Out of Memory Error (allocation.cpp:390), pid=7672, tid=5540
#
# JRE version: Java(TM) SE Runtime Environment (8.0_74-b02) (build 1.8.0_74-b02)
# Java VM: Java HotSpot(TM) 64-Bit Server VM (25.74-b02 mixed mode windows-amd64 compressed oops)
# Failed to write core dump. Minidumps are not enabled by default on client versions of Windows
#

---------------  T H R E A D  ---------------

Current thread (0x000000001465d800):  JavaThread "C2 CompilerThread0" daemon [_thread_in_native, id=5540, stack(0x0000000015680000,0x0000000015780000)]

Stack: [0x0000000015680000,0x0000000015780000]
[error occurred during error reporting (printing stack bounds), id 0xc0000005]

Native frames: (J=compiled Java code, j=interpreted, Vv=VM code, C=native code)


Current CompileTask:
C2:   9196 1119       4       com.android.dx.ssa.SCCP::simulateStmt (481 bytes)


---------------  P R O C E S S  ---------------

Java Threads: ( => current thread )
  0x0000000015c92800 JavaThread "pool-1-thread-4" [_thread_in_Java, id=4556, stack(0x0000000016280000,0x0000000016380000)]
  0x0000000015c8e000 JavaThread "pool-1-thread-3" [_thread_in_vm, id=4260, stack(0x0000000016180000,0x0000000016280000)]
  0x0000000015b83000 JavaThread "pool-1-thread-2" [_thread_in_Java, id=7992, stack(0x0000000016080000,0x0000000016180000)]
  0x0000000015b82000 JavaThread "pool-2-thread-1" [_thread_blocked, id=8140, stack(0x0000000015f80000,0x0000000016080000)]
  0x0000000015b81800 JavaThread "pool-1-thread-1" [_thread_in_Java, id=4444, stack(0x0000000015e80000,0x0000000015f80000)]
  0x00000000146bc800 JavaThread "Service Thread" daemon [_thread_blocked, id=3584, stack(0x0000000015880000,0x0000000015980000)]
  0x00000000146b8800 JavaThread "C1 CompilerThread1" daemon [_thread_blocked, id=4168, stack(0x0000000015780000,0x0000000015880000)]
=>0x000000001465d800 JavaThread "C2 CompilerThread0" daemon [_thread_in_native, id=5540, stack(0x0000000015680000,0x0000000015780000)]
  0x000000001465b800 JavaThread "Attach Listener" daemon [_thread_blocked, id=3068, stack(0x0000000015580000,0x0000000015680000)]
  0x0000000014656800 JavaThread "Signal Dispatcher" daemon [_thread_blocked, id=680, stack(0x0000000015480000,0x0000000015580000)]
  0x0000000014648800 JavaThread "Finalizer" daemon [_thread_blocked, id=8132, stack(0x0000000015290000,0x0000000015390000)]
  0x00000000021bd800 JavaThread "Reference Handler" daemon [_thread_blocked, id=4332, stack(0x0000000015190000,0x0000000015290000)]
  0x00000000020cd800 JavaThread "main" [_thread_blocked, id=660, stack(0x0000000001f90000,0x0000000002090000)]

Other Threads:
  0x0000000014627000 VMThread [stack: 0x0000000015090000,0x0000000015190000] [id=5216]
  0x00000000146c8800 WatcherThread [stack: 0x0000000015980000,0x0000000015a80000] [id=8048]

VM state:not at safepoint (normal execution)

VM Mutex/Monitor currently owned by a thread: None

Heap:
 PSYoungGen      total 17920K, used 14598K [0x00000000eab00000, 0x00000000ebf00000, 0x0000000100000000)
  eden space 15360K, 78% used [0x00000000eab00000,0x00000000eb6c6e48,0x00000000eba00000)
  from space 2560K, 99% used [0x00000000eba00000,0x00000000ebc7aab0,0x00000000ebc80000)
  to   space 2560K, 0% used [0x00000000ebc80000,0x00000000ebc80000,0x00000000ebf00000)
 ParOldGen       total 40960K, used 2074K [0x00000000c0000000, 0x00000000c2800000, 0x00000000eab00000)
  object space 40960K, 5% used [0x00000000c0000000,0x00000000c02069e8,0x00000000c2800000)
 Metaspace       used 6032K, capacity 6962K, committed 7040K, reserved 1056768K
  class space    used 604K, capacity 618K, committed 640K, reserved 1048576K

Card table byte_map: [0x0000000011590000,0x00000000117a0000] byte_map_base: 0x0000000010f90000

Marking Bits: (ParMarkBitMap*) 0x0000000065610600
 Begin Bits: [0x0000000011b00000, 0x0000000012b00000)
 End Bits:   [0x0000000012b00000, 0x0000000013b00000)

Polling page: 0x00000000001f0000

CodeCache: size=245760Kb used=4781Kb max_used=4781Kb free=240978Kb
 bounds [0x00000000021d0000, 0x0000000002680000, 0x00000000111d0000]
 total_blobs=1413 nmethods=1146 adapters=182
 compilation: enabled

Compilation events (10 events):
Event: 9.173 Thread 0x00000000146b8800 nmethod 1138 0x000000000266c2d0 code [0x000000000266c620, 0x000000000266e778]
Event: 9.173 Thread 0x00000000146b8800 1139       3       com.android.dx.ssa.back.InterferenceGraph::<init> (42 bytes)
Event: 9.174 Thread 0x00000000146b8800 nmethod 1139 0x000000000266fa90 code [0x000000000266fca0, 0x0000000002670768]
Event: 9.174 Thread 0x00000000146b8800 1140       3       com.android.dx.ssa.back.LivenessAnalyzer::constructInterferenceGraph (47 bytes)
Event: 9.175 Thread 0x00000000146b8800 nmethod 1140 0x0000000002648890 code [0x0000000002648a40, 0x0000000002648e78]
Event: 9.175 Thread 0x00000000146b8800 1143       3       com.android.dx.rop.cst.CstMethodRef::<init> (7 bytes)
Event: 9.176 Thread 0x00000000146b8800 nmethod 1143 0x0000000002670dd0 code [0x0000000002670f60, 0x0000000002671378]
Event: 9.176 Thread 0x00000000146b8800 1136   !   3       com.android.dx.cf.code.OneLocalsArray::set (106 bytes)
Event: 9.177 Thread 0x00000000146b8800 nmethod 1136 0x0000000002671510 code [0x0000000002671760, 0x0000000002672598]
Event: 9.177 Thread 0x00000000146b8800 1144       3       com.android.dx.rop.code.Rops::opConst (85 bytes)

GC Heap History (2 events):
Event: 8.719 GC heap before
{Heap before GC invocations=1 (full 0):
 PSYoungGen      total 17920K, used 15360K [0x00000000eab00000, 0x00000000ebf00000, 0x0000000100000000)
  eden space 15360K, 100% used [0x00000000eab00000,0x00000000eba00000,0x00000000eba00000)
  from space 2560K, 0% used [0x00000000ebc80000,0x00000000ebc80000,0x00000000ebf00000)
  to   space 2560K, 0% used [0x00000000eba00000,0x00000000eba00000,0x00000000ebc80000)
 ParOldGen       total 40960K, used 0K [0x00000000c0000000, 0x00000000c2800000, 0x00000000eab00000)
  object space 40960K, 0% used [0x00000000c0000000,0x00000000c0000000,0x00000000c2800000)
 Metaspace       used 5919K, capacity 6832K, committed 7040K, reserved 1056768K
  class space    used 600K, capacity 616K, committed 640K, reserved 1048576K
Event: 8.737 GC heap after
Heap after GC invocations=1 (full 0):
 PSYoungGen      total 17920K, used 2538K [0x00000000eab00000, 0x00000000ebf00000, 0x0000000100000000)
  eden space 15360K, 0% used [0x00000000eab00000,0x00000000eab00000,0x00000000eba00000)
  from space 2560K, 99% used [0x00000000eba00000,0x00000000ebc7aab0,0x00000000ebc80000)
  to   space 2560K, 0% used [0x00000000ebc80000,0x00000000ebc80000,0x00000000ebf00000)
 ParOldGen       total 40960K, used 2074K [0x00000000c0000000, 0x00000000c2800000, 0x00000000eab00000)
  object space 40960K, 5% used [0x00000000c0000000,0x00000000c02069e8,0x00000000c2800000)
 Metaspace       used 5919K, capacity 6832K, committed 7040K, reserved 1056768K
  class space    used 600K, capacity 616K, committed 640K, reserved 1048576K
}

Deoptimization events (2 events):
Event: 8.060 Thread 0x00000000020cd800 Uncommon trap: reason=unstable_if action=reinterpret pc=0x000000000242cb8c method=java.util.HashMap.getNode(ILjava/lang/Object;)Ljava/util/HashMap$Node; @ 129
Event: 8.804 Thread 0x0000000015c92800 Uncommon trap: reason=unstable_if action=reinterpret pc=0x00000000025d901c method=com.android.dx.rop.cst.Constant.compareTo(Lcom/android/dx/rop/cst/Constant;)I @ 12

Internal exceptions (2 events):
Event: 2.553 Thread 0x00000000020cd800 Exception <a 'java/lang/NoSuchMethodError': Method sun.misc.Unsafe.defineClass(Ljava/lang/String;[BII)Ljava/lang/Class; name or signature does not match> (0x00000000eab07cc0) thrown at [C:\re\workspace\8-2-build-windows-amd64-cygwin\jdk8u74\6087\hotspot\srÀVªù`m@
Event: 2.553 Thread 0x00000000020cd800 Exception <a 'java/lang/NoSuchMethodError': Method sun.misc.Unsafe.prefetchRead(Ljava/lang/Object;J)V name or signature does not match> (0x00000000eab07fa8) thrown at [C:\re\workspace\8-2-build-windows-amd64-cygwin\jdk8u74\6087\hotspot\src\share\vm\prims\j

Events (10 events):
Event: 8.786 loading class java/util/HashMap$KeySet done
Event: 8.786 loading class java/util/HashMap$KeyIterator
Event: 8.786 loading class java/util/HashMap$KeyIterator done
Event: 8.804 Thread 0x0000000015c92800 Uncommon trap: trap_request=0xffffff65 fr.pc=0x00000000025d901c
Event: 8.804 Thread 0x0000000015c92800 DEOPT PACKING pc=0x00000000025d901c sp=0x000000001637e6d0
Event: 8.804 Thread 0x0000000015c92800 DEOPT UNPACKING pc=0x000000000221556a sp=0x000000001637e670 mode 2
Event: 8.869 loading class java/util/TreeMap$EntrySet
Event: 8.869 loading class java/util/TreeMap$EntrySet done
Event: 8.869 loading class java/util/TreeMap$EntryIterator
Event: 8.869 loading class java/util/TreeMap$EntryIterator done


Dynamic libraries:
0x00007ff7f6530000 - 0x00007ff7f6567000 	D:\Java\jdk1.8.0_74\bin\java.exe
0x00007ffcb44e0000 - 0x00007ffcb46a1000 	C:\WINDOWS\SYSTEM32\ntdll.dll
0x00007ffcb3300000 - 0x00007ffcb33ad000 	C:\WINDOWS\system32\KERNEL32.DLL
0x00007ffcb0b70000 - 0x00007ffcb0d58000 	C:\WINDOWS\system32\KERNELBASE.dll
0x00007ffcb38d0000 - 0x00007ffcb3977000 	C:\WINDOWS\system32\ADVAPI32.dll
0x00007ffcb35a0000 - 0x00007ffcb363d000 	C:\WINDOWS\system32\msvcrt.dll
0x00007ffcb18c0000 - 0x00007ffcb191b000 	C:\WINDOWS\system32\sechost.dll
0x00007ffcb4040000 - 0x00007ffcb415c000 	C:\WINDOWS\system32\RPCRT4.dll
0x00007ffcb3190000 - 0x00007ffcb32e6000 	C:\WINDOWS\system32\USER32.dll
0x00007ffcb4160000 - 0x00007ffcb42e6000 	C:\WINDOWS\system32\GDI32.dll
0x00007ffca2e20000 - 0x00007ffca3094000 	C:\WINDOWS\WinSxS\amd64_microsoft.windows.common-controls_6595b64144ccf1df_6.0.10586.0_none_8c15ae12515e1c22\COMCTL32.dll
0x00007ffcb3dc0000 - 0x00007ffcb403d000 	C:\WINDOWS\system32\combase.dll
0x00007ffcb1850000 - 0x00007ffcb18ba000 	C:\WINDOWS\system32\bcryptPrimitives.dll
0x00007ffcb3560000 - 0x00007ffcb359b000 	C:\WINDOWS\system32\IMM32.DLL
0x00000000649a0000 - 0x0000000064a72000 	D:\Java\jdk1.8.0_74\jre\bin\msvcr100.dll
0x0000000064e00000 - 0x0000000065690000 	D:\Java\jdk1.8.0_74\jre\bin\server\jvm.dll
0x00007ffcb32f0000 - 0x00007ffcb32f8000 	C:\WINDOWS\system32\PSAPI.DLL
0x00007ffcac030000 - 0x00007ffcac039000 	C:\WINDOWS\SYSTEM32\WSOCK32.dll
0x00007ffcb2f00000 - 0x00007ffcb2f6b000 	C:\WINDOWS\system32\WS2_32.dll
0x00007ffcaf2d0000 - 0x00007ffcaf2f3000 	C:\WINDOWS\SYSTEM32\WINMM.dll
0x00007ffcad130000 - 0x00007ffcad13a000 	C:\WINDOWS\SYSTEM32\VERSION.dll
0x00007ffcaf270000 - 0x00007ffcaf29c000 	C:\WINDOWS\SYSTEM32\WINMMBASE.dll
0x00007ffcb0d60000 - 0x00007ffcb0da3000 	C:\WINDOWS\system32\cfgmgr32.dll
0x00000000665a0000 - 0x00000000665af000 	D:\Java\jdk1.8.0_74\jre\bin\verify.dll
0x0000000064dd0000 - 0x0000000064df9000 	D:\Java\jdk1.8.0_74\jre\bin\java.dll
0x0000000064db0000 - 0x0000000064dc6000 	D:\Java\jdk1.8.0_74\jre\bin\zip.dll
0x00007ffcb1920000 - 0x00007ffcb2e7c000 	C:\WINDOWS\system32\SHELL32.dll
0x00007ffcb1200000 - 0x00007ffcb1845000 	C:\WINDOWS\system32\windows.storage.dll
0x00007ffcb2e80000 - 0x00007ffcb2ed2000 	C:\WINDOWS\system32\shlwapi.dll
0x00007ffcb0b60000 - 0x00007ffcb0b6f000 	C:\WINDOWS\system32\kernel.appcore.dll
0x00007ffcb10c0000 - 0x00007ffcb1175000 	C:\WINDOWS\system32\shcore.dll
0x00007ffcb0ae0000 - 0x00007ffcb0b2b000 	C:\WINDOWS\system32\powrprof.dll
0x00007ffcb0b30000 - 0x00007ffcb0b44000 	C:\WINDOWS\system32\profapi.dll

VM Arguments:
jvm_args: -Djava.awt.headless=true -Xmx1024M -Dfile.encoding=windows-1251 -Duser.country=RU -Duser.language=ru -Duser.variant 
java_command: com.android.dx.command.Main --dex --num-threads=4 --output C:\Users\Oleg\AndroidStudioProjects\rorb\app\build\intermediates\pre-dexed\debug\com.android.support-support-vector-drawable-23.3.0_21745fc5309d8a536112ab47cf3cc227256aea1c.jar C:\Users\Oleg\AndroidStudioProjects\rorb\app\build\intermediates\exploded-aar\com.android.support\support-vector-drawable\23.3.0\jars\classes.jar
java_class_path (initial): D:\Java\Android\sdk\build-tools\23.0.3\lib\dx.jar
Launcher Type: SUN_STANDARD

Environment Variables:
PATH=D:\Oracle\product\11.2.0\Client32Bit\bin;D:\oracle\product\11.2.0\dbhome_1\bin;C:\ProgramData\Oracle\Java\javapath;C:\WINDOWS\system32;C:\WINDOWS;C:\WINDOWS\System32\Wbem;C:\WINDOWS\System32\WindowsPowerShell\v1.0\;c:\Program Files (x86)\Microsoft SQL Server\100\Tools\Binn\;c:\Program Files\Microsoft SQL Server\100\Tools\Binn\;c:\Program Files\Microsoft SQL Server\100\DTS\Binn\;c:\Program Files (x86)\Microsoft ASP.NET\ASP.NET Web Pages\v1.0\;c:\Program Files\Microsoft SQL Server\110\Tools\Binn\;C:\Program Files (x86)\Microsoft SQL Server\100\Tools\Binn\VSShell\Common7\IDE\;C:\Program Files (x86)\Microsoft Visual Studio 9.0\Common7\IDE\PrivateAssemblies\;C:\Program Files (x86)\Microsoft SQL Server\100\DTS\Binn\;C:\Program Files\Microsoft\Web Platform Installer\;C:\Program Files\Microsoft SQL Server\120\Tools\Binn\;C:\Program Files (x86)\Common Files\Acronis\SnapAPI\;C:\Program Files (x86)\MySQL\MySQL Fabric 1.5 & MySQL Utilities 1.5\;C:\Program Files (x86)\MySQL\MySQL Fabric 1.5 & MySQL Utilities 1.5\Doctrine extensions for PHP\;C:\Program Files\Git\cmd;C:\Program Files\Git\mingw64\bin;C:\Program Files\Git\usr\bin;C:\Program Files (x86)\Skype\Phone\;C:\Program Files (x86)\Windows Live\Shared;C:\WINDOWS\system32\config\systemprofile\.dnx\bin;C:\Program Files\Microsoft DNX\Dnvm\;d:\Java\Android\sdk\tools\;d:\Java\Android\sdk\platform-tools\
USERNAME=Oleg
OS=Windows_NT
PROCESSOR_IDENTIFIER=AMD64 Family 17 Model 3 Stepping 1, AuthenticAMD



---------------  S Y S T E M  ---------------

OS: Windows 10.0 , 64 bit Build 10586 (10.0.10586.0)

CPU:total 2 (2 cores per cpu, 1 threads per core) family 17 model 3 stepping 1, cmov, cx8, fxsr, mmx, sse, sse2, sse3, mmxext, 3dnowpref, tsc, tscinvbit

Memory: 4k page, physical 3931284k(329712k free), swap 5467284k(4632k free)

vm_info: Java HotSpot(TM) 64-Bit Server VM (25.74-b02) for windows-amd64 JRE (1.8.0_74-b02), built on Jan 29 2016 17:42:36 by "java_re" with MS VC++ 10.0 (VS2010)

time: Wed May 11 23:34:55 2016
elapsed time: 9 seconds (0d 0h 0m 9s)

